[19168:1] 2026-05-25 03:16:00.655 [0x5720(3) InitializeLog] [SET_LOGPATH] %programdata%\Geni\Insights\logs\cmon.cmd.exe.log
[19168:1] 2026-05-25 03:16:00.655 [0x5720(0) CxCommonApi::LogModuleInfo] [MODULE LOADING] ModuleName cmon64.dll, Version [2.0.0.1], ModulePath C:\Program Files\Geni\Insights\temp\cmon64.dll ModifiedTime 2025-06-05 10:23:00
[19168:1] 2026-05-25 03:16:00.657 [0x5720(183) CxConsoleMonitor::Initialize] [Initialize]
[19168:1] 2026-05-25 03:16:00.657 [0x5720(183) CxSensorPipeClient::Initialize] [Initialize]
[19168:1] 2026-05-25 03:16:00.658 [0x5720(0) CxThreadPool::Initialize] Queue init : OutputQue 0, nThreadPoolSize : 1
[19168:1] 2026-05-25 03:16:00.658 [0x5720(183) CxThreadPool::CreateThreadPool] Create 1 WorkerThread
[19168:1] 2026-05-25 03:16:00.666 [0x5720(183) CxConsoleMonitor::InstallHook] [InstallHook]
[19168:1] 2026-05-25 03:16:00.668 [0x5720(126) CxConsoleMonitor::xGetProcAddress] [GET_PROC_ADDR] ReadConsoleW from kernelbase.dll
[19168:1] 2026-05-25 03:16:00.668 [0x5720(183) CxConsoleMonitor::InstallHook] [INSTALL_HOOK] ReadConsoleW : cmd.exe:19168
[19168:1] 2026-05-25 03:16:00.669 [0x5720(183) CxConsoleMonitor::xGetProcAddress] [GET_PROC_ADDR] ReadConsoleInputW from kernelbase.dll
[19168:1] 2026-05-25 03:16:00.669 [0x5720(183) CxConsoleMonitor::InstallHook] [INSTALL_HOOK] RealReadConsoleInputW : cmd.exe:19168
[19168:1] 2026-05-25 03:16:00.669 [0x5720(183) CxConsoleMonitor::InstallHook] [SUCCESS]
[19168:1] 2026-05-25 03:16:00.671 [0x5720(183) CxConsoleMonitor::GetCmonProfileInfo] [REQ_CMON_PROFILE] 
[19168:1] 2026-05-25 03:16:00.671 [0x5720(0) CxConsoleMonitor::Initialize] [/Initialize] SUCCESS
[19168:1] 2026-05-25 03:16:00.696 [0x2E74(0) CxThreadPool::ThreadEntry] Worker Thread begins
[19168:1] 2026-05-25 03:16:00.712 [0x2E74(1) CxSensorPipeClient::SendJson] [SEND][ReqType:4] {
   "PID" : 19168,
   "ProcPath" : "C:\\Windows\\system32\\cmd.exe",
   "ReqType" : "xSensorRequestType_GetCmonProfile"
}

[19168:1] 2026-05-25 03:16:00.713 [0x2E74(183) CxSensorPipeClient::SendJson] [RECV] {
   "MaxConsoleInputLength" : 1000
}

[19168:1] 2026-05-25 03:16:00.713 [0x2E74(183) CxConsoleMonitor::PipeResponseCallback] [RES_CALLBACK]
[19168:1] 2026-05-25 03:16:00.714 [0x2E74(183) CxConsoleMonitor::PipeResponseCallback] [CMON_PROFILE] MaxConsoleInputLength : 1000
[19168:1] 2026-05-25 03:16:00.726 [0x5720(126) CxConsoleMonitor::Uninitialize] [Uninitialize]
[19168:1] 2026-05-25 03:16:00.727 [0x5720(183) CxSensorPipeClient::Uninitialize] [Uninitialize]
[19168:1] 2026-05-25 03:16:00.728 [0x5720(183) CxSensorPipeClient::Uninitialize] [/Uninitialize]
[19168:1] 2026-05-25 03:16:00.728 [0x5720(183) CxConsoleMonitor::Uninitialize] [/Uninitialize] SUCCESS
